<?xml version="1.0" encoding="UTF-8"?>
<testng-results ignored="0" total="1" passed="1" failed="0" skipped="0">
  <reporter-output>
  </reporter-output>
  <suite started-at="2024-04-23T22:45:38 IST" name="Suite" finished-at="2024-04-23T22:45:45 IST" duration-ms="7276">
    <groups>
    </groups>
    <test started-at="2024-04-23T22:45:38 IST" name="FirstTest" finished-at="2024-04-23T22:45:45 IST" duration-ms="7276">
      <class name="seleniumone.WDinit">
        <test-method is-config="true" signature="initTest(java.lang.String,java.lang.String)[pri:0, instance:seleniumone.WDinit@2eae8e6e]" started-at="2024-04-23T22:45:38 IST" name="initTest" finished-at="2024-04-23T22:45:43 IST" duration-ms="4828" status="PASS">
          <params>
            <param index="0">
              <value>
                <![CDATA[chrome]]>
              </value>
            </param>
            <param index="1">
              <value>
                <![CDATA[https://www.selenium.dev/selenium/web/index.html]]>
              </value>
            </param>
          </params>
          <reporter-output>
          </reporter-output>
        </test-method> <!-- initTest -->
        <test-method signature="testOne()[pri:0, instance:seleniumone.WDinit@2eae8e6e]" started-at="2024-04-23T22:45:43 IST" name="testOne" finished-at="2024-04-23T22:45:45 IST" duration-ms="2055" status="PASS">
          <reporter-output>
          </reporter-output>
        </test-method> <!-- testOne -->
        <test-method is-config="true" signature="closeAll()[pri:0, instance:seleniumone.WDinit@2eae8e6e]" started-at="2024-04-23T22:45:45 IST" name="closeAll" finished-at="2024-04-23T22:45:45 IST" duration-ms="298" status="PASS">
          <reporter-output>
          </reporter-output>
        </test-method> <!-- closeAll -->
      </class> <!-- seleniumone.WDinit -->
    </test> <!-- FirstTest -->
  </suite> <!-- Suite -->
</testng-results>
